#
# A fatal error has been detected by the Java Runtime Environment:
#
#  SIGSEGV (0xb) at pc=0x0000000106432c30, pid=29412, tid=17155
#
# JRE version: Java(TM) SE Runtime Environment (8.0_51-b16) (build 1.8.0_51-b16)
# Java VM: Java HotSpot(TM) 64-Bit Server VM (25.51-b03 mixed mode bsd-amd64 compressed oops)
# Problematic frame:
# V  [libjvm.dylib+0x432c30]
#
# Failed to write core dump. Core dumps have been disabled. To enable core dumping, try "ulimit -c unlimited" before starting Java again
#
# If you would like to submit a bug report, please visit:
#   http://bugreport.java.com/bugreport/crash.jsp
#

---------------  T H R E A D  ---------------

Current thread (0x00007fa51480f800):  JavaThread "JDWP Transport Listener: dt_socket" daemon [_thread_in_vm, id=17155, stack(0x0000700000b3b000,0x0000700000c3b000)]

siginfo: si_signo: 11 (SIGSEGV), si_code: 1 (SEGV_MAPERR), si_addr: 0x00007fa500000002

Registers:
RAX=0x0000000000000001, RBX=0x0000700000c3aa8b, RCX=0x00000001067fa190, RDX=0x0000700000c3aa8b
RSP=0x0000700000c3a9d0, RBP=0x0000700000c3a9e0, RSI=0x00007fa51480f800, RDI=0x00007fa500000002
R8 =0x0000000000000000, R9 =0x00007fa513f558a0, R10=0x00000000b4b78a39, R11=0x00007fa513f00000
R12=0x00007fa51480f800, R13=0x00007fa500000002, R14=0x00007fa500000002, R15=0x00007fa513c10480
RIP=0x0000000106432c30, EFLAGS=0x0000000000010202, ERR=0x0000000000000004
  TRAPNO=0x000000000000000e

Top of Stack: (sp=0x0000700000c3a9d0)
0x0000700000c3a9d0:   0000700000c3aa8b 0000700000c3aa8b
0x0000700000c3a9e0:   0000700000c3aa40 0000000106342f8e
0x0000700000c3a9f0:   00007fa51480f800 0000000000000000
0x0000700000c3aa00:   0000000000000000 0000000000000000
0x0000700000c3aa10:   00007fa51480f800 00007fa51480f800
0x0000700000c3aa20:   0000700000c3aa8b 0000700000c3aa90
0x0000700000c3aa30:   00007fa500000002 0000000000000002
0x0000700000c3aa40:   0000700000c3aa60 000000010566a780
0x0000700000c3aa50:   0000000000000001 0000700000c3ab08
0x0000700000c3aa60:   0000700000c3aad0 000000010564f1f3
0x0000700000c3aa70:   0000700000c3aaa0 00007fa513f83550
0x0000700000c3aa80:   0000000300000032 0000000a00c3ab08
0x0000700000c3aa90:   0000000000000000 0000000000000000
0x0000700000c3aaa0:   0000000000000000 0000700000c3ac90
0x0000700000c3aab0:   0000000105671e7a 00007fa513e5b450
0x0000700000c3aac0:   0000700000c3ab08 000000010567d598
0x0000700000c3aad0:   0000700000c3aae0 000000010564f2ec
0x0000700000c3aae0:   0000700000c3ad00 0000000105658898
0x0000700000c3aaf0:   00013f6500000013 00000000000f0200
0x0000700000c3ab00:   00007fa513e181a0 0000700000c3ac1d
0x0000700000c3ab10:   00007fa500000067 0000700000c3ab20
0x0000700000c3ab20:   00007fa5000000c5 0000700000c3ab58
0x0000700000c3ab30:   0000000000000000 0000000000000000
0x0000700000c3ab40:   00013f650000001c 0000000000000080
0x0000700000c3ab50:   0000700000c3ab58 a57f000003000000
0x0000700000c3ab60:   0800000048e4f213 737473694c6d7573
0x0000700000c3ab70:   694c4c285f000000 7473694c64656b6e
0x0000700000c3ab80:   6e694c2f65646f4e 4e7473694c64656b
0x0000700000c3ab90:   6e694c4c3b65646f 4e7473694c64656b
0x0000700000c3aba0:   6b6e694c2f65646f 6f4e7473694c6465
0x0000700000c3abb0:   6e694c4c293b6564 4e7473694c64656b
0x0000700000c3abc0:   6b6e694c2f65646f 6f4e7473694c6465 

Instructions: (pc=0x0000000106432c30)
0x0000000106432c10:   40 48 48 85 c0 75 e0 30 c0 0f b6 c0 5d c3 31 c0
0x0000000106432c20:   5d c3 55 48 89 e5 53 48 83 ec 08 48 85 ff 74 24
0x0000000106432c30:   48 8b 1f 48 85 db 74 1c 48 83 fb 37 74 16 48 8b
0x0000000106432c40:   03 48 89 df ff 50 10 84 c0 b8 00 00 00 00 48 0f 

Register to memory mapping:

RAX=0x0000000000000001 is an unknown value
RBX=0x0000700000c3aa8b is pointing into the stack for thread: 0x00007fa51480f800
RCX=0x00000001067fa190: UseMembar+0 in /Library/Java/JavaVirtualMachines/jdk1.8.0_51.jdk/Contents/Home/jre/lib/server/libjvm.dylib at 0x0000000106000000
RDX=0x0000700000c3aa8b is pointing into the stack for thread: 0x00007fa51480f800
RSP=0x0000700000c3a9d0 is pointing into the stack for thread: 0x00007fa51480f800
RBP=0x0000700000c3a9e0 is pointing into the stack for thread: 0x00007fa51480f800
RSI=0x00007fa51480f800 is a thread
RDI=0x00007fa500000002 is an unknown value
R8 =0x0000000000000000 is an unknown value
R9 =0x00007fa513f558a0 is an unknown value
R10=0x00000000b4b78a39 is an unknown value
R11=0x00007fa513f00000 is an unknown value
R12=0x00007fa51480f800 is a thread
R13=0x00007fa500000002 is an unknown value
R14=0x00007fa500000002 is an unknown value
R15=0x00007fa513c10480 is an unknown value


Stack: [0x0000700000b3b000,0x0000700000c3b000],  sp=0x0000700000c3a9d0,  free space=1022k
Native frames: (J=compiled Java code, j=interpreted, Vv=VM code, C=native code)
V  [libjvm.dylib+0x432c30]
V  [libjvm.dylib+0x342f8e]
C  [libjdwp.dylib+0x20780]  isMethodSynthetic+0x63
C  [libjdwp.dylib+0x51f3]  methods1+0x10b
C  [libjdwp.dylib+0x52ec]  methodsWithGeneric+0xe
C  [libjdwp.dylib+0xe898]  debugLoop_run+0x1ce
C  [libjdwp.dylib+0x1f6ba]  attachThread+0x4d
V  [libjvm.dylib+0x383f3c]
V  [libjvm.dylib+0x549a6f]
V  [libjvm.dylib+0x54b160]
V  [libjvm.dylib+0x46e99e]
C  [libsystem_pthread.dylib+0x399d]  _pthread_body+0x83
C  [libsystem_pthread.dylib+0x391a]  _pthread_body+0x0
C  [libsystem_pthread.dylib+0x1351]  thread_start+0xd
C  0x0000000000000000


---------------  P R O C E S S  ---------------

Java Threads: ( => current thread )
  0x00007fa515832800 JavaThread "Service Thread" daemon [_thread_blocked, id=20227, stack(0x000070000114d000,0x000070000124d000)]
  0x00007fa515065800 JavaThread "C1 CompilerThread2" daemon [_thread_blocked, id=19715, stack(0x000070000104a000,0x000070000114a000)]
  0x00007fa515065000 JavaThread "C2 CompilerThread1" daemon [_thread_blocked, id=19203, stack(0x0000700000f47000,0x0000700001047000)]
  0x00007fa5158b6000 JavaThread "C2 CompilerThread0" daemon [_thread_blocked, id=18691, stack(0x0000700000e44000,0x0000700000f44000)]
  0x00007fa514042000 JavaThread "JDWP Command Reader" daemon [_thread_in_native, id=18179, stack(0x0000700000d41000,0x0000700000e41000)]
  0x00007fa514810800 JavaThread "JDWP Event Helper Thread" daemon [_thread_blocked, id=17667, stack(0x0000700000c3e000,0x0000700000d3e000)]
=>0x00007fa51480f800 JavaThread "JDWP Transport Listener: dt_socket" daemon [_thread_in_vm, id=17155, stack(0x0000700000b3b000,0x0000700000c3b000)]
  0x00007fa514802000 JavaThread "Signal Dispatcher" daemon [_thread_blocked, id=12819, stack(0x0000700000a38000,0x0000700000b38000)]
  0x00007fa51580e000 JavaThread "Finalizer" daemon [_thread_blocked, id=12291, stack(0x000070000082f000,0x000070000092f000)]
  0x00007fa51580d800 JavaThread "Reference Handler" daemon [_thread_blocked, id=11779, stack(0x000070000072c000,0x000070000082c000)]
  0x00007fa515802000 JavaThread "main" [_thread_blocked, id=5891, stack(0x000070000011a000,0x000070000021a000)]

Other Threads:
  0x00007fa51403b000 VMThread [stack: 0x0000700000629000,0x0000700000729000] [id=11267]
  0x00007fa515012800 WatcherThread [stack: 0x0000700001250000,0x0000700001350000] [id=20739]

VM state:not at safepoint (normal execution)

VM Mutex/Monitor currently owned by a thread: None

Heap:
 PSYoungGen      total 38400K, used 17990K [0x0000000795580000, 0x0000000798000000, 0x00000007c0000000)
  eden space 33280K, 41% used [0x0000000795580000,0x000000079630ab70,0x0000000797600000)
  from space 5120K, 80% used [0x0000000797600000,0x0000000797a06e08,0x0000000797b00000)
  to   space 5120K, 0% used [0x0000000797b00000,0x0000000797b00000,0x0000000798000000)
 ParOldGen       total 87552K, used 16K [0x0000000740000000, 0x0000000745580000, 0x0000000795580000)
  object space 87552K, 0% used [0x0000000740000000,0x0000000740004000,0x0000000745580000)
 Metaspace       used 10397K, capacity 11042K, committed 11136K, reserved 1058816K
  class space    used 1233K, capacity 1364K, committed 1408K, reserved 1048576K

Card table byte_map: [0x0000000116329000,0x000000011672a000] byte_map_base: 0x0000000112929000

Marking Bits: (ParMarkBitMap*) 0x00000001068c27a0
 Begin Bits: [0x00000001169d5000, 0x00000001189d5000)
 End Bits:   [0x00000001189d5000, 0x000000011a9d5000)

Polling page: 0x0000000105649000

CodeCache: size=245760Kb used=4863Kb max_used=4969Kb free=240896Kb
 bounds [0x0000000106f69000, 0x0000000107449000, 0x0000000115f69000]
 total_blobs=1502 nmethods=1164 adapters=260
 compilation: enabled

Compilation events (10 events):
Event: 1.467 Thread 0x00007fa515065000 nmethod 1129 0x00000001073f4d50 code [0x00000001073f4f00, 0x00000001073f54f8]
Event: 1.467 Thread 0x00007fa515065000 1147       4       org.eclipse.jdt.launching.internal.org.objectweb.asm.Label::resolve (219 bytes)
Event: 1.472 Thread 0x00007fa515065000 nmethod 1147 0x00000001073f6810 code [0x00000001073f6980, 0x00000001073f6df8]
Event: 1.472 Thread 0x00007fa515065000 1040       4       jdk.internal.org.objectweb.asm.ByteVector::putShort (52 bytes)
Event: 1.474 Thread 0x00007fa515065000 nmethod 1040 0x00000001073f6310 code [0x00000001073f6480, 0x00000001073f6688]
Event: 1.474 Thread 0x00007fa515065000  942       4       org.eclipse.jdt.launching.internal.org.objectweb.asm.MethodWriter::visitLabel (328 bytes)
Event: 1.482 Thread 0x00007fa515065000 nmethod 942 0x00000001073f7ed0 code [0x00000001073f8060, 0x00000001073f8758]
Event: 1.482 Thread 0x00007fa515065000 1041       4       java.util.concurrent.ConcurrentHashMap::casTabAt (20 bytes)
Event: 1.482 Thread 0x00007fa515065000 nmethod 1041 0x00000001073fdd10 code [0x00000001073fde40, 0x00000001073fdeb8]
Event: 3.029 Thread 0x00007fa5158b6000 nmethod 769 0x0000000107419410 code [0x000000010741a720, 0x00000001074335d8]

GC Heap History (2 events):
Event: 1.127 GC heap before
{Heap before GC invocations=1 (full 0):
 PSYoungGen      total 38400K, used 33280K [0x0000000795580000, 0x0000000798000000, 0x00000007c0000000)
  eden space 33280K, 100% used [0x0000000795580000,0x0000000797600000,0x0000000797600000)
  from space 5120K, 0% used [0x0000000797b00000,0x0000000797b00000,0x0000000798000000)
  to   space 5120K, 0% used [0x0000000797600000,0x0000000797600000,0x0000000797b00000)
 ParOldGen       total 87552K, used 0K [0x0000000740000000, 0x0000000745580000, 0x0000000795580000)
  object space 87552K, 0% used [0x0000000740000000,0x0000000740000000,0x0000000745580000)
 Metaspace       used 8808K, capacity 9086K, committed 9344K, reserved 1056768K
  class space    used 994K, capacity 1101K, committed 1152K, reserved 1048576K
Event: 1.137 GC heap after
Heap after GC invocations=1 (full 0):
 PSYoungGen      total 38400K, used 4123K [0x0000000795580000, 0x0000000798000000, 0x00000007c0000000)
  eden space 33280K, 0% used [0x0000000795580000,0x0000000795580000,0x0000000797600000)
  from space 5120K, 80% used [0x0000000797600000,0x0000000797a06e08,0x0000000797b00000)
  to   space 5120K, 0% used [0x0000000797b00000,0x0000000797b00000,0x0000000798000000)
 ParOldGen       total 87552K, used 16K [0x0000000740000000, 0x0000000745580000, 0x0000000795580000)
  object space 87552K, 0% used [0x0000000740000000,0x0000000740004000,0x0000000745580000)
 Metaspace       used 8808K, capacity 9086K, committed 9344K, reserved 1056768K
  class space    used 994K, capacity 1101K, committed 1152K, reserved 1048576K
}

Deoptimization events (10 events):
Event: 0.974 Thread 0x00007fa515802000 Uncommon trap: reason=bimorphic action=maybe_recompile pc=0x0000000107254dec method=java.util.HashMap.putVal(ILjava/lang/Object;Ljava/lang/Object;ZZ)Ljava/lang/Object; @ 91
Event: 0.974 Thread 0x00007fa515802000 Uncommon trap: reason=bimorphic action=maybe_recompile pc=0x0000000107254dec method=java.util.HashMap.putVal(ILjava/lang/Object;Ljava/lang/Object;ZZ)Ljava/lang/Object; @ 91
Event: 0.974 Thread 0x00007fa515802000 Uncommon trap: reason=bimorphic action=maybe_recompile pc=0x0000000107254dec method=java.util.HashMap.putVal(ILjava/lang/Object;Ljava/lang/Object;ZZ)Ljava/lang/Object; @ 91
Event: 0.975 Thread 0x00007fa515802000 Uncommon trap: reason=bimorphic action=maybe_recompile pc=0x0000000107254dec method=java.util.HashMap.putVal(ILjava/lang/Object;Ljava/lang/Object;ZZ)Ljava/lang/Object; @ 91
Event: 0.991 Thread 0x00007fa515802000 Uncommon trap: reason=unstable_if action=reinterpret pc=0x00000001070f33d4 method=java.math.BigInteger.addOne([IIII)I @ 55
Event: 0.996 Thread 0x00007fa515802000 Uncommon trap: reason=class_check action=maybe_recompile pc=0x00000001072c39d4 method=java.util.HashMap.putVal(ILjava/lang/Object;Ljava/lang/Object;ZZ)Ljava/lang/Object; @ 253
Event: 0.997 Thread 0x00007fa515802000 Uncommon trap: reason=class_check action=maybe_recompile pc=0x00000001072c3a78 method=java.util.HashMap.putVal(ILjava/lang/Object;Ljava/lang/Object;ZZ)Ljava/lang/Object; @ 203
Event: 1.013 Thread 0x00007fa515802000 Uncommon trap: reason=class_check action=maybe_recompile pc=0x00000001072c3a78 method=java.util.HashMap.putVal(ILjava/lang/Object;Ljava/lang/Object;ZZ)Ljava/lang/Object; @ 203
Event: 1.016 Thread 0x00007fa515802000 Uncommon trap: reason=class_check action=maybe_recompile pc=0x00000001072c39d4 method=java.util.HashMap.putVal(ILjava/lang/Object;Ljava/lang/Object;ZZ)Ljava/lang/Object; @ 253
Event: 1.327 Thread 0x00007fa515802000 Uncommon trap: reason=unstable_if action=reinterpret pc=0x00000001072f3cf0 method=org.eclipse.jdt.launching.internal.org.objectweb.asm.ByteVector.putInt(I)Lorg/eclipse/jdt/launching/internal/org/objectweb/asm/ByteVector; @ 13

Internal exceptions (10 events):
Event: 0.881 Thread 0x00007fa515802000 Exception <a 'java/lang/NoSuchMethodError': java.lang.Object.lambda$or$12(Ljava/util/function/Predicate;Ljava/lang/Object;)Z> (0x0000000796c6a050) thrown at [/Users/java_re/workspace/8-2-build-macosx-x86_64/jdk8u51/3951/hotspot/src/share/vm/interpreter/li
Event: 0.924 Thread 0x00007fa515802000 Exception <a 'java/lang/IncompatibleClassChangeError': Found class java.lang.Object, but interface was expected> (0x0000000796df2838) thrown at [/Users/java_re/workspace/8-2-build-macosx-x86_64/jdk8u51/3951/hotspot/src/share/vm/interpreter/linkResolver.cp
Event: 1.019 Thread 0x00007fa515802000 Exception <a 'java/lang/NoSuchMethodError': java.lang.Object.lambda$andThen$6(Ljava/util/function/Function;Ljava/lang/Object;)Ljava/lang/Object;> (0x000000079715df08) thrown at [/Users/java_re/workspace/8-2-build-macosx-x86_64/jdk8u51/3951/hotspot/src/sha
Event: 1.024 Thread 0x00007fa515802000 Exception <a 'java/lang/IncompatibleClassChangeError': Found class java.lang.Object, but interface was expected> (0x0000000797183b50) thrown at [/Users/java_re/workspace/8-2-build-macosx-x86_64/jdk8u51/3951/hotspot/src/share/vm/interpreter/linkResolver.cp
Event: 1.033 Thread 0x00007fa515802000 Exception <a 'java/lang/NoSuchMethodError': java.lang.Object.lambda$accept$0(Lorg/junit/platform/engine/TestDescriptor$Visitor;Lorg/junit/platform/engine/TestDescriptor;)V> (0x0000000797242b08) thrown at [/Users/java_re/workspace/8-2-build-macosx-x86_64/j
Event: 1.217 Thread 0x00007fa515802000 Exception <a 'java/lang/NoSuchMethodError': java.lang.Object.lambda$isEqual$13(Ljava/lang/Object;Ljava/lang/Object;)Z> (0x0000000795967a78) thrown at [/Users/java_re/workspace/8-2-build-macosx-x86_64/jdk8u51/3951/hotspot/src/share/vm/interpreter/linkResol
Event: 1.232 Thread 0x00007fa515802000 Exception <a 'java/lang/NoSuchMethodError': java.lang.Object.containsTests(Lorg/junit/platform/engine/TestDescriptor;)Z> (0x00000007959cbba0) thrown at [/Users/java_re/workspace/8-2-build-macosx-x86_64/jdk8u51/3951/hotspot/src/share/vm/interpreter/linkRes
Event: 1.266 Thread 0x00007fa515802000 Exception <a 'java/lang/IncompatibleClassChangeError': Found class java.lang.Object, but interface was expected> (0x0000000795ae9000) thrown at [/Users/java_re/workspace/8-2-build-macosx-x86_64/jdk8u51/3951/hotspot/src/share/vm/interpreter/linkResolver.cp
Event: 1.286 Thread 0x00007fa515802000 Exception <a 'java/lang/NoSuchMethodError': java.lang.Object.lambda$comparing$77a9974f$1(Ljava/util/function/Function;Ljava/lang/Object;Ljava/lang/Object;)I> (0x0000000795c05de8) thrown at [/Users/java_re/workspace/8-2-build-macosx-x86_64/jdk8u51/3951/hot
Event: 1.290 Thread 0x00007fa515802000 Exception <a 'java/lang/NoSuchMethodError': java.lang.Object.lambda$thenComparing$36697e65$1(Ljava/util/Comparator;Ljava/lang/Object;Ljava/lang/Object;)I> (0x0000000795c25570) thrown at [/Users/java_re/workspace/8-2-build-macosx-x86_64/jdk8u51/3951/hotspo

Events (10 events):
Event: 478.241 Executing VM operation: GetOrSetLocal
Event: 478.241 Executing VM operation: GetOrSetLocal done
Event: 480.654 Executing VM operation: RedefineClasses
Event: 480.663 Executing VM operation: RedefineClasses done
Event: 520.122 Executing VM operation: RedefineClasses
Event: 520.130 Executing VM operation: RedefineClasses done
Event: 529.089 Executing VM operation: RedefineClasses
Event: 529.099 Executing VM operation: RedefineClasses done
Event: 605.971 Executing VM operation: RedefineClasses
Event: 605.979 Executing VM operation: RedefineClasses done


Dynamic libraries:
0x0000000002b32000 	/System/Library/Frameworks/Cocoa.framework/Versions/A/Cocoa
0x0000000002b32000 	/System/Library/Frameworks/Security.framework/Versions/A/Security
0x0000000002b32000 	/System/Library/Frameworks/ApplicationServices.framework/Versions/A/ApplicationServices
0x0000000002b32000 	/usr/lib/libz.1.dylib
0x0000000002b32000 	/usr/lib/libSystem.B.dylib
0x0000000002b32000 	/usr/lib/libobjc.A.dylib
0x0000000002b32000 	/System/Library/Frameworks/CoreFoundation.framework/Versions/A/CoreFoundation
0x0000000002b32000 	/System/Library/Frameworks/Foundation.framework/Versions/C/Foundation
0x0000000002b32000 	/System/Library/Frameworks/AppKit.framework/Versions/C/AppKit
0x0000000002b32000 	/System/Library/Frameworks/CoreData.framework/Versions/A/CoreData
0x0000000002b32000 	/System/Library/PrivateFrameworks/RemoteViewServices.framework/Versions/A/RemoteViewServices
0x0000000002b32000 	/System/Library/PrivateFrameworks/UIFoundation.framework/Versions/A/UIFoundation
0x0000000002b32000 	/usr/lib/libScreenReader.dylib
0x0000000002b32000 	/System/Library/Frameworks/Accelerate.framework/Versions/A/Accelerate
0x0000000002b32000 	/System/Library/Frameworks/IOSurface.framework/Versions/A/IOSurface
0x0000000002b32000 	/System/Library/Frameworks/AudioToolbox.framework/Versions/A/AudioToolbox
0x0000000002b32000 	/System/Library/Frameworks/AudioUnit.framework/Versions/A/AudioUnit
0x0000000002b32000 	/System/Library/PrivateFrameworks/DataDetectorsCore.framework/Versions/A/DataDetectorsCore
0x0000000002b32000 	/System/Library/PrivateFrameworks/DesktopServicesPriv.framework/Versions/A/DesktopServicesPriv
0x0000000002b32000 	/System/Library/Frameworks/Carbon.framework/Versions/A/Frameworks/HIToolbox.framework/Versions/A/HIToolbox
0x0000000002b32000 	/System/Library/Frameworks/QuartzCore.framework/Versions/A/QuartzCore
0x0000000002b32000 	/System/Library/Frameworks/Carbon.framework/Versions/A/Frameworks/SpeechRecognition.framework/Versions/A/SpeechRecognition
0x0000000002b32000 	/usr/lib/libauto.dylib
0x0000000002b32000 	/usr/lib/libicucore.A.dylib
0x0000000002b32000 	/usr/lib/libxml2.2.dylib
0x0000000002b32000 	/System/Library/PrivateFrameworks/CoreUI.framework/Versions/A/CoreUI
0x0000000002b32000 	/System/Library/Frameworks/CoreAudio.framework/Versions/A/CoreAudio
0x0000000002b32000 	/System/Library/Frameworks/DiskArbitration.framework/Versions/A/DiskArbitration
0x0000000002b32000 	/usr/lib/liblangid.dylib
0x0000000002b32000 	/System/Library/PrivateFrameworks/MultitouchSupport.framework/Versions/A/MultitouchSupport
0x0000000002b32000 	/System/Library/Frameworks/IOKit.framework/Versions/A/IOKit
0x0000000002b32000 	/usr/lib/libDiagnosticMessagesClient.dylib
0x0000000002b32000 	/System/Library/Frameworks/CoreServices.framework/Versions/A/CoreServices
0x0000000002b32000 	/System/Library/PrivateFrameworks/PerformanceAnalysis.framework/Versions/A/PerformanceAnalysis
0x0000000002b32000 	/System/Library/PrivateFrameworks/GenerationalStorage.framework/Versions/A/GenerationalStorage
0x0000000002b32000 	/System/Library/Frameworks/OpenGL.framework/Versions/A/OpenGL
0x0000000002b32000 	/System/Library/PrivateFrameworks/Sharing.framework/Versions/A/Sharing
0x0000000002b32000 	/System/Library/Frameworks/CoreGraphics.framework/Versions/A/CoreGraphics
0x0000000002b32000 	/System/Library/Frameworks/CoreImage.framework/Versions/A/CoreImage
0x0000000002b32000 	/System/Library/Frameworks/CoreText.framework/Versions/A/CoreText
0x0000000002b32000 	/System/Library/Frameworks/ImageIO.framework/Versions/A/ImageIO
0x0000000002b32000 	/System/Library/PrivateFrameworks/Backup.framework/Versions/A/Backup
0x0000000002b32000 	/usr/lib/libextension.dylib
0x0000000002b32000 	/usr/lib/libarchive.2.dylib
0x0000000002b32000 	/System/Library/Frameworks/CFNetwork.framework/Versions/A/CFNetwork
0x0000000002b32000 	/System/Library/Frameworks/SystemConfiguration.framework/Versions/A/SystemConfiguration
0x0000000002b32000 	/usr/lib/libCRFSuite.dylib
0x0000000002b32000 	/usr/lib/libc++.1.dylib
0x0000000002b32000 	/usr/lib/libc++abi.dylib
0x0000000002b32000 	/usr/lib/system/libcache.dylib
0x0000000002b32000 	/usr/lib/system/libcommonCrypto.dylib
0x0000000002b32000 	/usr/lib/system/libcompiler_rt.dylib
0x0000000002b32000 	/usr/lib/system/libcopyfile.dylib
0x0000000002b32000 	/usr/lib/system/libcorecrypto.dylib
0x0000000002b32000 	/usr/lib/system/libdispatch.dylib
0x0000000002b32000 	/usr/lib/system/libdyld.dylib
0x0000000002b32000 	/usr/lib/system/libkeymgr.dylib
0x0000000002b32000 	/usr/lib/system/liblaunch.dylib
0x0000000002b32000 	/usr/lib/system/libmacho.dylib
0x0000000002b32000 	/usr/lib/system/libquarantine.dylib
0x0000000002b32000 	/usr/lib/system/libremovefile.dylib
0x0000000002b32000 	/usr/lib/system/libsystem_asl.dylib
0x0000000002b32000 	/usr/lib/system/libsystem_blocks.dylib
0x0000000002b32000 	/usr/lib/system/libsystem_c.dylib
0x0000000002b32000 	/usr/lib/system/libsystem_configuration.dylib
0x0000000002b32000 	/usr/lib/system/libsystem_coreservices.dylib
0x0000000002b32000 	/usr/lib/system/libsystem_coretls.dylib
0x0000000002b32000 	/usr/lib/system/libsystem_dnssd.dylib
0x0000000002b32000 	/usr/lib/system/libsystem_info.dylib
0x0000000002b32000 	/usr/lib/system/libsystem_kernel.dylib
0x0000000002b32000 	/usr/lib/system/libsystem_m.dylib
0x0000000002b32000 	/usr/lib/system/libsystem_malloc.dylib
0x0000000002b32000 	/usr/lib/system/libsystem_network.dylib
0x0000000002b32000 	/usr/lib/system/libsystem_networkextension.dylib
0x0000000002b32000 	/usr/lib/system/libsystem_notify.dylib
0x0000000002b32000 	/usr/lib/system/libsystem_platform.dylib
0x0000000002b32000 	/usr/lib/system/libsystem_pthread.dylib
0x0000000002b32000 	/usr/lib/system/libsystem_sandbox.dylib
0x0000000002b32000 	/usr/lib/system/libsystem_secinit.dylib
0x0000000002b32000 	/usr/lib/system/libsystem_trace.dylib
0x0000000002b32000 	/usr/lib/system/libunc.dylib
0x0000000002b32000 	/usr/lib/system/libunwind.dylib
0x0000000002b32000 	/usr/lib/system/libxpc.dylib
0x0000000002b32000 	/usr/lib/libenergytrace.dylib
0x0000000002b32000 	/usr/lib/libbsm.0.dylib
0x0000000002b32000 	/usr/lib/system/libkxld.dylib
0x0000000002b32000 	/usr/lib/libxar.1.dylib
0x0000000002b32000 	/usr/lib/libsqlite3.dylib
0x0000000002b32000 	/usr/lib/libpam.2.dylib
0x0000000002b32000 	/usr/lib/libOpenScriptingUtil.dylib
0x0000000002b32000 	/usr/lib/libbz2.1.0.dylib
0x0000000002b32000 	/usr/lib/liblzma.5.dylib
0x0000000002b32000 	/System/Library/Frameworks/CoreServices.framework/Versions/A/Frameworks/FSEvents.framework/Versions/A/FSEvents
0x0000000002b32000 	/System/Library/Frameworks/CoreServices.framework/Versions/A/Frameworks/CarbonCore.framework/Versions/A/CarbonCore
0x0000000002b32000 	/System/Library/Frameworks/CoreServices.framework/Versions/A/Frameworks/Metadata.framework/Versions/A/Metadata
0x0000000002b32000 	/System/Library/Frameworks/CoreServices.framework/Versions/A/Frameworks/OSServices.framework/Versions/A/OSServices
0x0000000002b32000 	/System/Library/Frameworks/CoreServices.framework/Versions/A/Frameworks/SearchKit.framework/Versions/A/SearchKit
0x0000000002b32000 	/System/Library/Frameworks/CoreServices.framework/Versions/A/Frameworks/AE.framework/Versions/A/AE
0x0000000002b32000 	/System/Library/Frameworks/CoreServices.framework/Versions/A/Frameworks/LaunchServices.framework/Versions/A/LaunchServices
0x0000000002b32000 	/System/Library/Frameworks/CoreServices.framework/Versions/A/Frameworks/DictionaryServices.framework/Versions/A/DictionaryServices
0x0000000002b32000 	/System/Library/Frameworks/CoreServices.framework/Versions/A/Frameworks/SharedFileList.framework/Versions/A/SharedFileList
0x0000000002b32000 	/System/Library/Frameworks/NetFS.framework/Versions/A/NetFS
0x0000000002b32000 	/System/Library/PrivateFrameworks/NetAuth.framework/Versions/A/NetAuth
0x0000000002b32000 	/System/Library/PrivateFrameworks/login.framework/Versions/A/Frameworks/loginsupport.framework/Versions/A/loginsupport
0x0000000002b32000 	/System/Library/PrivateFrameworks/TCC.framework/Versions/A/TCC
0x0000000002b32000 	/usr/lib/libmecabra.dylib
0x0000000002b32000 	/System/Library/Frameworks/ApplicationServices.framework/Versions/A/Frameworks/ATS.framework/Versions/A/ATS
0x0000000002b32000 	/System/Library/Frameworks/ApplicationServices.framework/Versions/A/Frameworks/ColorSync.framework/Versions/A/ColorSync
0x0000000002b32000 	/System/Library/Frameworks/ApplicationServices.framework/Versions/A/Frameworks/HIServices.framework/Versions/A/HIServices
0x0000000002b32000 	/System/Library/Frameworks/ApplicationServices.framework/Versions/A/Frameworks/LangAnalysis.framework/Versions/A/LangAnalysis
0x0000000002b32000 	/System/Library/Frameworks/ApplicationServices.framework/Versions/A/Frameworks/PrintCore.framework/Versions/A/PrintCore
0x0000000002b32000 	/System/Library/Frameworks/ApplicationServices.framework/Versions/A/Frameworks/QD.framework/Versions/A/QD
0x0000000002b32000 	/System/Library/Frameworks/ApplicationServices.framework/Versions/A/Frameworks/SpeechSynthesis.framework/Versions/A/SpeechSynthesis
0x0000000002b32000 	/System/Library/Frameworks/Metal.framework/Versions/A/Metal
0x0000000002b32000 	/System/Library/Frameworks/Accelerate.framework/Versions/A/Frameworks/vImage.framework/Versions/A/vImage
0x0000000002b32000 	/System/Library/Frameworks/Accelerate.framework/Versions/A/Frameworks/vecLib.framework/Versions/A/vecLib
0x0000000002b32000 	/System/Library/Frameworks/Accelerate.framework/Versions/A/Frameworks/vecLib.framework/Versions/A/libvDSP.dylib
0x0000000002b32000 	/System/Library/Frameworks/Accelerate.framework/Versions/A/Frameworks/vecLib.framework/Versions/A/libvMisc.dylib
0x0000000002b32000 	/System/Library/Frameworks/Accelerate.framework/Versions/A/Frameworks/vecLib.framework/Versions/A/libLAPACK.dylib
0x0000000002b32000 	/System/Library/Frameworks/Accelerate.framework/Versions/A/Frameworks/vecLib.framework/Versions/A/libBLAS.dylib
0x0000000002b32000 	/System/Library/Frameworks/Accelerate.framework/Versions/A/Frameworks/vecLib.framework/Versions/A/libLinearAlgebra.dylib
0x0000000002b32000 	/System/Library/Frameworks/Accelerate.framework/Versions/A/Frameworks/vecLib.framework/Versions/A/libSparseBLAS.dylib
0x0000000002b32000 	/System/Library/PrivateFrameworks/GPUCompiler.framework/libmetal_timestamp.dylib
0x0000000002b32000 	/System/Library/Frameworks/OpenGL.framework/Versions/A/Libraries/libCoreFSCache.dylib
0x0000000002b32000 	/System/Library/PrivateFrameworks/IOAccelerator.framework/Versions/A/IOAccelerator
0x0000000002b32000 	/System/Library/Frameworks/ApplicationServices.framework/Versions/A/Frameworks/ATS.framework/Versions/A/Resources/libFontParser.dylib
0x0000000002b32000 	/System/Library/Frameworks/ApplicationServices.framework/Versions/A/Frameworks/ATS.framework/Versions/A/Resources/libFontRegistry.dylib
0x0000000002b32000 	/System/Library/PrivateFrameworks/AppleVPA.framework/Versions/A/AppleVPA
0x0000000002b32000 	/System/Library/PrivateFrameworks/AppleJPEG.framework/Versions/A/AppleJPEG
0x0000000002b32000 	/System/Library/Frameworks/ImageIO.framework/Versions/A/Resources/libJPEG.dylib
0x0000000002b32000 	/System/Library/Frameworks/ImageIO.framework/Versions/A/Resources/libTIFF.dylib
0x0000000002b32000 	/System/Library/Frameworks/ImageIO.framework/Versions/A/Resources/libPng.dylib
0x0000000002b32000 	/System/Library/Frameworks/ImageIO.framework/Versions/A/Resources/libGIF.dylib
0x0000000002b32000 	/System/Library/Frameworks/ImageIO.framework/Versions/A/Resources/libJP2.dylib
0x0000000002b32000 	/System/Library/Frameworks/ImageIO.framework/Versions/A/Resources/libRadiance.dylib
0x0000000002b32000 	/System/Library/Frameworks/CoreVideo.framework/Versions/A/CoreVideo
0x0000000002b32000 	/System/Library/Frameworks/OpenGL.framework/Versions/A/Libraries/libGLU.dylib
0x0000000002b32000 	/System/Library/Frameworks/OpenGL.framework/Versions/A/Libraries/libGFXShared.dylib
0x0000000002b32000 	/System/Library/Frameworks/OpenGL.framework/Versions/A/Libraries/libGL.dylib
0x0000000002b32000 	/System/Library/Frameworks/OpenGL.framework/Versions/A/Libraries/libGLImage.dylib
0x0000000002b32000 	/System/Library/Frameworks/OpenGL.framework/Versions/A/Libraries/libCVMSPluginSupport.dylib
0x0000000002b32000 	/System/Library/Frameworks/OpenGL.framework/Versions/A/Libraries/libCoreVMClient.dylib
0x0000000002b32000 	/usr/lib/libcompression.dylib
0x0000000002b32000 	/usr/lib/libcups.2.dylib
0x0000000002b32000 	/System/Library/Frameworks/Kerberos.framework/Versions/A/Kerberos
0x0000000002b32000 	/System/Library/Frameworks/GSS.framework/Versions/A/GSS
0x0000000002b32000 	/usr/lib/libresolv.9.dylib
0x0000000002b32000 	/usr/lib/libiconv.2.dylib
0x0000000002b32000 	/System/Library/PrivateFrameworks/Heimdal.framework/Versions/A/Heimdal
0x0000000002b32000 	/usr/lib/libheimdal-asn1.dylib
0x0000000002b32000 	/System/Library/Frameworks/OpenDirectory.framework/Versions/A/OpenDirectory
0x0000000002b32000 	/System/Library/PrivateFrameworks/CommonAuth.framework/Versions/A/CommonAuth
0x0000000002b32000 	/System/Library/Frameworks/OpenDirectory.framework/Versions/A/Frameworks/CFOpenDirectory.framework/Versions/A/CFOpenDirectory
0x0000000002b32000 	/System/Library/Frameworks/SecurityFoundation.framework/Versions/A/SecurityFoundation
0x0000000002b32000 	/System/Library/PrivateFrameworks/LanguageModeling.framework/Versions/A/LanguageModeling
0x0000000002b32000 	/usr/lib/libmarisa.dylib
0x0000000002b32000 	/usr/lib/libChineseTokenizer.dylib
0x0000000002b32000 	/usr/lib/libcmph.dylib
0x0000000002b32000 	/System/Library/Frameworks/ServiceManagement.framework/Versions/A/ServiceManagement
0x0000000002b32000 	/usr/lib/libxslt.1.dylib
0x0000000002b32000 	/System/Library/Frameworks/Carbon.framework/Versions/A/Frameworks/Ink.framework/Versions/A/Ink
0x0000000002b32000 	/usr/lib/libFosl_dynamic.dylib
0x0000000002b32000 	/System/Library/PrivateFrameworks/FaceCore.framework/Versions/A/FaceCore
0x0000000002b32000 	/System/Library/Frameworks/OpenCL.framework/Versions/A/OpenCL
0x0000000002b32000 	/System/Library/PrivateFrameworks/CrashReporterSupport.framework/Versions/A/CrashReporterSupport
0x0000000002b32000 	/System/Library/PrivateFrameworks/IconServices.framework/Versions/A/IconServices
0x0000000002b32000 	/System/Library/PrivateFrameworks/Apple80211.framework/Versions/A/Apple80211
0x0000000002b32000 	/System/Library/Frameworks/CoreWLAN.framework/Versions/A/CoreWLAN
0x0000000002b32000 	/System/Library/Frameworks/IOBluetooth.framework/Versions/A/IOBluetooth
0x0000000002b32000 	/System/Library/PrivateFrameworks/CoreWiFi.framework/Versions/A/CoreWiFi
0x0000000002b32000 	/System/Library/Frameworks/CoreBluetooth.framework/Versions/A/CoreBluetooth
0x0000000002b32000 	/System/Library/PrivateFrameworks/ChunkingLibrary.framework/Versions/A/ChunkingLibrary
0x0000000002b32000 	/System/Library/PrivateFrameworks/DebugSymbols.framework/Versions/A/DebugSymbols
0x0000000002b32000 	/System/Library/PrivateFrameworks/CoreSymbolication.framework/Versions/A/CoreSymbolication
0x0000000002b32000 	/System/Library/PrivateFrameworks/Symbolication.framework/Versions/A/Symbolication
0x0000000002b32000 	/System/Library/PrivateFrameworks/SpeechRecognitionCore.framework/Versions/A/SpeechRecognitionCore
0x0000000106000000 	/Library/Java/JavaVirtualMachines/jdk1.8.0_51.jdk/Contents/Home/jre/lib/server/libjvm.dylib
0x0000000002b32000 	/usr/lib/libstdc++.6.dylib
0x0000000105606000 	/Library/Java/JavaVirtualMachines/jdk1.8.0_51.jdk/Contents/Home/jre/lib/libverify.dylib
0x0000000105614000 	/Library/Java/JavaVirtualMachines/jdk1.8.0_51.jdk/Contents/Home/jre/lib/libjava.dylib
0x000000010564a000 	/Library/Java/JavaVirtualMachines/jdk1.8.0_51.jdk/Contents/Home/jre/lib/libjdwp.dylib
0x0000000105695000 	/Library/Java/JavaVirtualMachines/jdk1.8.0_51.jdk/Contents/Home/jre/lib/libnpt.dylib
0x0000000105699000 	/Library/Java/JavaVirtualMachines/jdk1.8.0_51.jdk/Contents/Home/jre/lib/libinstrument.dylib
0x00000001056f7000 	/Library/Java/JavaVirtualMachines/jdk1.8.0_51.jdk/Contents/Home/jre/lib/libzip.dylib
0x000000011c7ab000 	/System/Library/Frameworks/JavaVM.framework/Frameworks/JavaRuntimeSupport.framework/JavaRuntimeSupport
0x000000011c7c6000 	/System/Library/Frameworks/JavaVM.framework/Versions/A/Frameworks/JavaNativeFoundation.framework/Versions/A/JavaNativeFoundation
0x000000011c7db000 	/System/Library/Frameworks/JavaVM.framework/Versions/A/JavaVM
0x0000000002b32000 	/System/Library/Frameworks/Carbon.framework/Versions/A/Carbon
0x000000011c7e8000 	/System/Library/PrivateFrameworks/JavaLaunching.framework/Versions/A/JavaLaunching
0x0000000002b32000 	/System/Library/Frameworks/Carbon.framework/Versions/A/Frameworks/CommonPanels.framework/Versions/A/CommonPanels
0x0000000002b32000 	/System/Library/Frameworks/Carbon.framework/Versions/A/Frameworks/Help.framework/Versions/A/Help
0x0000000002b32000 	/System/Library/Frameworks/Carbon.framework/Versions/A/Frameworks/ImageCapture.framework/Versions/A/ImageCapture
0x0000000002b32000 	/System/Library/Frameworks/Carbon.framework/Versions/A/Frameworks/OpenScripting.framework/Versions/A/OpenScripting
0x0000000002b32000 	/System/Library/Frameworks/Carbon.framework/Versions/A/Frameworks/Print.framework/Versions/A/Print
0x0000000002b32000 	/System/Library/Frameworks/Carbon.framework/Versions/A/Frameworks/SecurityHI.framework/Versions/A/SecurityHI
0x000000011e109000 	/Library/Java/JavaVirtualMachines/jdk1.8.0_51.jdk/Contents/Home/jre/lib/libdt_socket.dylib
0x000000011e3a3000 	/Library/Java/JavaVirtualMachines/jdk1.8.0_51.jdk/Contents/Home/jre/lib/libnet.dylib

VM Arguments:
jvm_args: -agentlib:jdwp=transport=dt_socket,suspend=y,address=localhost:49734 -ea -javaagent:/Users/krystian/eclipse/java-2019-09/Eclipse.app/Contents/Eclipse/configuration/org.eclipse.osgi/222/0/.cp/lib/javaagent-shaded.jar -Dfile.encoding=UTF-8 
java_command: org.eclipse.jdt.internal.junit.runner.RemoteTestRunner -version 3 -port 49733 -testLoaderClass org.eclipse.jdt.internal.junit5.runner.JUnit5TestLoader -loaderpluginname org.eclipse.jdt.junit5.runtime -classNames SumLists.SumListsTest
java_class_path (initial): /Users/krystian/eclipse-workspace/CrackingTheCodingInterview/bin:/Users/krystian/.p2/pool/plugins/org.junit.jupiter.api_5.5.1.v20190826-0900.jar:/Users/krystian/.p2/pool/plugins/org.junit.jupiter.engine_5.5.1.v20190826-0900.jar:/Users/krystian/.p2/pool/plugins/org.junit.jupiter.migrationsupport_5.5.1.v20190826-0900.jar:/Users/krystian/.p2/pool/plugins/org.junit.jupiter.params_5.5.1.v20190826-0900.jar:/Users/krystian/.p2/pool/plugins/org.junit.platform.commons_1.5.1.v20190826-0900.jar:/Users/krystian/.p2/pool/plugins/org.junit.platform.engine_1.5.1.v20190826-0900.jar:/Users/krystian/.p2/pool/plugins/org.junit.platform.launcher_1.5.1.v20190826-0900.jar:/Users/krystian/.p2/pool/plugins/org.junit.platform.runner_1.5.1.v20190826-0900.jar:/Users/krystian/.p2/pool/plugins/org.junit.platform.suite.api_1.5.1.v20190826-0900.jar:/Users/krystian/.p2/pool/plugins/org.junit.vintage.engine_5.5.1.v20190826-0900.jar:/Users/krystian/.p2/pool/plugins/org.opentest4j_1.2.0.v20190826-0900.jar:/Users/krystian/.p2/pool/plugins/org.apiguardian_1.1.0.v20190826-0900.jar:/Users/krystian/.p2/pool/plugins/org.junit_4.12.0.v201504281640/junit.jar:/Users/krystian/.p2/pool/plugins/org.hamcrest.core_1.3.0.v20180420-1519.jar:/Users/krystian/eclipse/java-2019-09/Eclipse.app/Contents/Eclipse/configuration/org.eclipse.osgi/221/0/.cp:/Users/krystian/eclipse/java-2019-09/Eclipse.app/Contents/Eclipse/configuration/org.eclipse.osgi/219/0/.cp:/Users/krystian/eclipse/java-2019-09/Eclipse.app/Contents/Eclipse/configuration/org.eclipse.osgi/222/0/.cp/lib/javaagent-shaded.jar
Launcher Type: SUN_STANDARD

Environment Variables:
PATH=/usr/bin:/bin:/usr/sbin:/sbin
SHELL=/bin/bash

Signal Handlers:
SIGSEGV: [libjvm.dylib+0x58ef35], sa_mask[0]=11111111011111110111111111111111, sa_flags=SA_ONSTACK|SA_RESTART|SA_SIGINFO
SIGBUS: [libjvm.dylib+0x58ef35], sa_mask[0]=11111111011111110111111111111111, sa_flags=SA_RESTART|SA_SIGINFO
SIGFPE: [libjvm.dylib+0x46c028], sa_mask[0]=11111111011111110111111111111111, sa_flags=SA_RESTART|SA_SIGINFO
SIGPIPE: [libjvm.dylib+0x46c028], sa_mask[0]=11111111011111110111111111111111, sa_flags=SA_RESTART|SA_SIGINFO
SIGXFSZ: [libjvm.dylib+0x46c028], sa_mask[0]=11111111011111110111111111111111, sa_flags=SA_RESTART|SA_SIGINFO
SIGILL: [libjvm.dylib+0x46c028], sa_mask[0]=11111111011111110111111111111111, sa_flags=SA_RESTART|SA_SIGINFO
SIGUSR1: SIG_DFL, sa_mask[0]=00000000000000000000000000000000, sa_flags=none
SIGUSR2: [libjvm.dylib+0x46bb46], sa_mask[0]=00100000000000000000000000000000, sa_flags=SA_RESTART|SA_SIGINFO
SIGHUP: [libjvm.dylib+0x46a119], sa_mask[0]=11111111011111110111111111111111, sa_flags=SA_RESTART|SA_SIGINFO
SIGINT: [libjvm.dylib+0x46a119], sa_mask[0]=11111111011111110111111111111111, sa_flags=SA_RESTART|SA_SIGINFO
SIGTERM: [libjvm.dylib+0x46a119], sa_mask[0]=11111111011111110111111111111111, sa_flags=SA_RESTART|SA_SIGINFO
SIGQUIT: [libjvm.dylib+0x46a119], sa_mask[0]=11111111011111110111111111111111, sa_flags=SA_RESTART|SA_SIGINFO


---------------  S Y S T E M  ---------------

OS:Bsduname:Darwin 15.6.0 Darwin Kernel Version 15.6.0: Thu Jun 21 20:07:40 PDT 2018; root:xnu-3248.73.11~1/RELEASE_X86_64 x86_64
rlimit: STACK 8192k, CORE 0k, NPROC 709, NOFILE 10240, AS infinity
load average:3.43 2.88 2.77

CPU:total 4 (2 cores per cpu, 2 threads per core) family 6 model 61 stepping 4, cmov, cx8, fxsr, mmx, sse, sse2, sse3, ssse3, sse4.1, sse4.2, popcnt, avx, avx2, aes, clmul, erms, 3dnowpref, lzcnt, ht, tsc, tscinvbit, bmi1, bmi2, adx

Memory: 4k page, physical 8388608k(137860k free)

/proc/meminfo:


vm_info: Java HotSpot(TM) 64-Bit Server VM (25.51-b03) for bsd-amd64 JRE (1.8.0_51-b16), built on Jun  8 2015 18:01:11 by "java_re" with gcc 4.2.1 (Based on Apple Inc. build 5658) (LLVM build 2336.11.00)

time: Thu Nov 28 18:00:51 2019
elapsed time: 614 seconds (0d 0h 10m 14s)

